{"/Users/ijunhyeong/project/study/make-testcode/unit-basic/src/stack.js": {"path":"/Users/ijunhyeong/project/study/make-testcode/unit-basic/src/stack.js","all":false,"statementMap":{"0":{"start":{"line":1,"column":0},"end":{"line":1,"column":13}},"1":{"start":{"line":2,"column":0},"end":{"line":2,"column":17}},"2":{"start":{"line":3,"column":0},"end":{"line":3,"column":20}},"3":{"start":{"line":4,"column":0},"end":{"line":4,"column":3}},"4":{"start":{"line":5,"column":0},"end":{"line":5,"column":0}},"5":{"start":{"line":6,"column":0},"end":{"line":6,"column":10}},"6":{"start":{"line":7,"column":0},"end":{"line":7,"column":29}},"7":{"start":{"line":8,"column":0},"end":{"line":8,"column":3}},"8":{"start":{"line":9,"column":0},"end":{"line":9,"column":0}},"9":{"start":{"line":10,"column":0},"end":{"line":10,"column":16}},"10":{"start":{"line":11,"column":0},"end":{"line":11,"column":18}},"11":{"start":{"line":12,"column":0},"end":{"line":12,"column":37}},"12":{"start":{"line":13,"column":0},"end":{"line":13,"column":44}},"13":{"start":{"line":14,"column":0},"end":{"line":14,"column":42}},"14":{"start":{"line":15,"column":0},"end":{"line":15,"column":5}},"15":{"start":{"line":16,"column":0},"end":{"line":16,"column":0}},"16":{"start":{"line":17,"column":0},"end":{"line":17,"column":28}},"17":{"start":{"line":18,"column":0},"end":{"line":18,"column":3}},"18":{"start":{"line":19,"column":0},"end":{"line":19,"column":0}},"19":{"start":{"line":20,"column":0},"end":{"line":20,"column":9}},"20":{"start":{"line":21,"column":0},"end":{"line":21,"column":34}},"21":{"start":{"line":22,"column":0},"end":{"line":22,"column":40}},"22":{"start":{"line":23,"column":0},"end":{"line":23,"column":5}},"23":{"start":{"line":24,"column":0},"end":{"line":24,"column":0}},"24":{"start":{"line":25,"column":0},"end":{"line":25,"column":21}},"25":{"start":{"line":26,"column":0},"end":{"line":26,"column":3}},"26":{"start":{"line":27,"column":0},"end":{"line":27,"column":1}},"27":{"start":{"line":28,"column":0},"end":{"line":28,"column":0}},"28":{"start":{"line":29,"column":0},"end":{"line":29,"column":23}}},"s":{"0":1,"1":1,"2":6,"3":6,"4":1,"5":1,"6":1,"7":1,"8":1,"9":1,"10":6,"11":1,"12":6,"13":1,"14":1,"15":4,"16":4,"17":4,"18":1,"19":1,"20":2,"21":1,"22":1,"23":1,"24":1,"25":1,"26":1,"27":1,"28":1},"branchMap":{"0":{"type":"branch","line":2,"loc":{"start":{"line":2,"column":2},"end":{"line":4,"column":3}},"locations":[{"start":{"line":2,"column":2},"end":{"line":4,"column":3}}]},"1":{"type":"branch","line":6,"loc":{"start":{"line":6,"column":2},"end":{"line":8,"column":3}},"locations":[{"start":{"line":6,"column":2},"end":{"line":8,"column":3}}]},"2":{"type":"branch","line":10,"loc":{"start":{"line":10,"column":2},"end":{"line":18,"column":3}},"locations":[{"start":{"line":10,"column":2},"end":{"line":18,"column":3}}]},"3":{"type":"branch","line":11,"loc":{"start":{"line":11,"column":17},"end":{"line":13,"column":5}},"locations":[{"start":{"line":11,"column":17},"end":{"line":13,"column":5}}]},"4":{"type":"branch","line":13,"loc":{"start":{"line":13,"column":5},"end":{"line":15,"column":5}},"locations":[{"start":{"line":13,"column":5},"end":{"line":15,"column":5}}]},"5":{"type":"branch","line":13,"loc":{"start":{"line":13,"column":43},"end":{"line":15,"column":5}},"locations":[{"start":{"line":13,"column":43},"end":{"line":15,"column":5}}]},"6":{"type":"branch","line":15,"loc":{"start":{"line":15,"column":4},"end":{"line":18,"column":3}},"locations":[{"start":{"line":15,"column":4},"end":{"line":18,"column":3}}]},"7":{"type":"branch","line":20,"loc":{"start":{"line":20,"column":2},"end":{"line":26,"column":3}},"locations":[{"start":{"line":20,"column":2},"end":{"line":26,"column":3}}]},"8":{"type":"branch","line":21,"loc":{"start":{"line":21,"column":33},"end":{"line":26,"column":3}},"locations":[{"start":{"line":21,"column":33},"end":{"line":26,"column":3}}]}},"b":{"0":[6],"1":[1],"2":[6],"3":[1],"4":[5],"5":[1],"6":[4],"7":[2],"8":[1]},"fnMap":{"0":{"name":"Stack","decl":{"start":{"line":2,"column":2},"end":{"line":4,"column":3}},"loc":{"start":{"line":2,"column":2},"end":{"line":4,"column":3}},"line":2},"1":{"name":"size","decl":{"start":{"line":6,"column":2},"end":{"line":8,"column":3}},"loc":{"start":{"line":6,"column":2},"end":{"line":8,"column":3}},"line":6},"2":{"name":"push","decl":{"start":{"line":10,"column":2},"end":{"line":18,"column":3}},"loc":{"start":{"line":10,"column":2},"end":{"line":18,"column":3}},"line":10},"3":{"name":"pop","decl":{"start":{"line":20,"column":2},"end":{"line":26,"column":3}},"loc":{"start":{"line":20,"column":2},"end":{"line":26,"column":3}},"line":20}},"f":{"0":6,"1":1,"2":6,"3":2}}
}
