TN:
SF:src/stack.js
FN:2,Stack
FN:7,size
FN:11,push
FN:21,pop
FN:32,peek
FNF:5
FNH:5
FNDA:7,Stack
FNDA:4,size
FNDA:7,push
FNDA:2,pop
FNDA:2,peek
DA:1,1
DA:2,1
DA:3,7
DA:4,7
DA:5,7
DA:6,1
DA:7,1
DA:8,4
DA:9,4
DA:10,1
DA:11,1
DA:12,7
DA:13,7
DA:14,7
DA:15,7
DA:16,7
DA:17,1
DA:18,1
DA:19,7
DA:20,1
DA:21,1
DA:22,2
DA:23,1
DA:24,1
DA:25,1
DA:26,1
DA:27,1
DA:28,1
DA:29,1
DA:30,1
DA:31,1
DA:32,1
DA:33,2
DA:34,1
DA:35,1
DA:36,1
DA:37,1
DA:38,1
DA:39,1
DA:40,1
DA:41,1
LF:41
LH:41
BRDA:2,0,0,7
BRDA:7,1,0,4
BRDA:11,2,0,7
BRDA:16,3,0,1
BRDA:21,4,0,2
BRDA:22,5,0,1
BRDA:32,6,0,2
BRDA:33,7,0,1
BRF:8
BRH:8
end_of_record
