TN:
SF:src/stack.js
FN:2,Stack
FN:6,size
FN:10,push
FN:20,pop
FNF:4
FNH:4
FNDA:6,Stack
FNDA:1,size
FNDA:6,push
FNDA:2,pop
DA:1,1
DA:2,1
DA:3,6
DA:4,6
DA:5,1
DA:6,1
DA:7,1
DA:8,1
DA:9,1
DA:10,1
DA:11,6
DA:12,1
DA:13,6
DA:14,1
DA:15,1
DA:16,4
DA:17,4
DA:18,4
DA:19,1
DA:20,1
DA:21,2
DA:22,1
DA:23,1
DA:24,1
DA:25,1
DA:26,1
DA:27,1
DA:28,1
DA:29,1
LF:29
LH:29
BRDA:2,0,0,6
BRDA:6,1,0,1
BRDA:10,2,0,6
BRDA:11,3,0,1
BRDA:13,4,0,5
BRDA:13,5,0,1
BRDA:15,6,0,4
BRDA:20,7,0,2
BRDA:21,8,0,1
BRF:9
BRH:9
end_of_record
